#
# There is insufficient memory for the Java Runtime Environment to continue.
# Native memory allocation (malloc) failed to allocate 1059376 bytes. Error detail: Chunk::new
# Possible reasons:
#   The system is out of physical RAM or swap space
#   This process is running with CompressedOops enabled, and the Java Heap may be blocking the growth of the native heap
# Possible solutions:
#   Reduce memory load on the system
#   Increase physical memory or swap space
#   Check if swap backing store is full
#   Decrease Java heap size (-Xmx/-Xms)
#   Decrease number of Java threads
#   Decrease Java thread stack sizes (-Xss)
#   Set larger code cache with -XX:ReservedCodeCacheSize=
#   JVM is running with Unscaled Compressed Oops mode in which the Java heap is
#     placed in the first 4GB address space. The Java Heap base address is the
#     maximum limit for the native heap growth. Please use -XX:HeapBaseMinAddress
#     to set the Java Heap base and to place the Java Heap above 4GB virtual address.
# This output file may be truncated or incomplete.
#
#  Out of Memory Error (arena.cpp:168), pid=20976, tid=33588
#
# JRE version: OpenJDK Runtime Environment Temurin-21.0.10+7 (21.0.10+7) (build 21.0.10+7-LTS)
# Java VM: OpenJDK 64-Bit Server VM Temurin-21.0.10+7 (21.0.10+7-LTS, mixed mode, sharing, tiered, compressed oops, compressed class ptrs, parallel gc, windows-amd64)
# No core dump will be written. Minidumps are not enabled by default on client versions of Windows
#

---------------  S U M M A R Y ------------

Command Line: --add-modules=ALL-SYSTEM --add-opens=java.base/java.util=ALL-UNNAMED --add-opens=java.base/java.lang=ALL-UNNAMED --add-opens=java.base/sun.nio.fs=ALL-UNNAMED -Declipse.application=org.eclipse.jdt.ls.core.id1 -Dosgi.bundles.defaultStartLevel=4 -Declipse.product=org.eclipse.jdt.ls.core.product -Djava.import.generatesMetadataFilesAtProjectRoot=false -DDetectVMInstallationsJob.disabled=true -Dfile.encoding=utf8 -XX:+UseParallelGC -XX:GCTimeRatio=4 -XX:AdaptiveSizePolicyWeight=90 -Dsun.zip.disableMemoryMapping=true -Xmx2G -Xms100m -Xlog:disable -javaagent:c:\Users\dizah\.vscode\extensions\redhat.java-1.54.0-win32-x64\lombok\lombok-1.18.39-4050.jar -XX:+HeapDumpOnOutOfMemoryError -XX:HeapDumpPath=c:\Users\dizah\AppData\Roaming\Code\User\workspaceStorage\e8d926c4b8782c3d3e008237e65238ed\redhat.java -Daether.dependencyCollector.impl=bf c:\Users\dizah\.vscode\extensions\redhat.java-1.54.0-win32-x64\server\plugins\org.eclipse.equinox.launcher_1.7.100.v20251111-0406.jar -configuration c:\Users\dizah\AppData\Roaming\Code\User\globalStorage\redhat.java\1.54.0\config_win -data c:\Users\dizah\AppData\Roaming\Code\User\workspaceStorage\e8d926c4b8782c3d3e008237e65238ed\redhat.java\jdt_ws --pipe=\\.\pipe\lsp-1f87e45868aa36f8bd5f0622b21a1604-sock

Host: AMD Ryzen 5 7530U with Radeon Graphics         , 12 cores, 5G,  Windows 11 , 64 bit Build 26100 (10.0.26100.8246)
Time: Tue May 12 18:00:04 2026 Malay Peninsula Standard Time elapsed time: 3348.058689 seconds (0d 0h 55m 48s)

---------------  T H R E A D  ---------------

Current thread (0x000002b7be0203b0):  JavaThread "C2 CompilerThread0" daemon [_thread_in_native, id=33588, stack(0x000000cbd6a00000,0x000000cbd6b00000) (1024K)]


Current CompileTask:
C2:3348059 29920   !   4       org.eclipse.jdt.ls.core.internal.handlers.GenerateConstructorsHandler::checkConstructorStatus (402 bytes)

Stack: [0x000000cbd6a00000,0x000000cbd6b00000]
Native frames: (J=compiled Java code, j=interpreted, Vv=VM code, C=native code)
V  [jvm.dll+0x6d7a39]
V  [jvm.dll+0x8b4b26]
V  [jvm.dll+0x8b70de]
V  [jvm.dll+0x8b77c3]
V  [jvm.dll+0x284346]
V  [jvm.dll+0xc66ed]
V  [jvm.dll+0xc6c31]
V  [jvm.dll+0x2fb29e]
V  [jvm.dll+0x5fe884]
V  [jvm.dll+0x255b17]
V  [jvm.dll+0x24e21f]
V  [jvm.dll+0x24ba42]
V  [jvm.dll+0x1cb34e]
V  [jvm.dll+0x25b85d]
V  [jvm.dll+0x259dea]
V  [jvm.dll+0x3f857e]
V  [jvm.dll+0x85f59d]
V  [jvm.dll+0x6d626d]
C  [ucrtbase.dll+0x37b0]
C  [KERNEL32.DLL+0x2e8d7]
C  [ntdll.dll+0x8c3fc]


---------------  P R O C E S S  ---------------

Threads class SMR info:
_java_thread_list=0x000002b8236eafb0, length=54, elements={
0x000002b7bdf6bdf0, 0x000002b7be014390, 0x000002b7be015730, 0x000002b7be017d00,
0x000002b7be018960, 0x000002b7be01c930, 0x000002b7be01f4d0, 0x000002b7be0203b0,
0x000002b7be0271a0, 0x000002b819055170, 0x000002b819145600, 0x000002b81e5fc770,
0x000002b81e7fd010, 0x000002b81e0f36b0, 0x000002b81e03f810, 0x000002b81e8d8620,
0x000002b819166070, 0x000002b81e7d06c0, 0x000002b81ed8edc0, 0x000002b81ed91520,
0x000002b81f964400, 0x000002b81f9671f0, 0x000002b81f966b60, 0x000002b81f967f10,
0x000002b81f965120, 0x000002b81f964a90, 0x000002b81f9685a0, 0x000002b81f968c30,
0x000002b81f965e40, 0x000002b81f9657b0, 0x000002b81f969950, 0x000002b81f9692c0,
0x000002b81f969fe0, 0x000002b81f96a670, 0x000002b81f96b390, 0x000002b81f96ba20,
0x000002b81f39bc00, 0x000002b81f3a0ac0, 0x000002b81f3a1e70, 0x000002b81e747610,
0x000002b81e74aa90, 0x000002b81e747ca0, 0x000002b81e74cb60, 0x000002b81e74c4d0,
0x000002b81fe05ec0, 0x000002b81fe07900, 0x000002b820ff9240, 0x000002b82cc116b0,
0x000002b82cc13e10, 0x000002b82cc123d0, 0x000002b82cc144a0, 0x000002b81e7496e0,
0x000002b81f39f710, 0x000002b81f3a17e0
}

Java Threads: ( => current thread )
  0x000002b7bdf6bdf0 JavaThread "main"                              [_thread_blocked, id=39504, stack(0x000000cbd6000000,0x000000cbd6100000) (1024K)]
  0x000002b7be014390 JavaThread "Reference Handler"          daemon [_thread_blocked, id=31864, stack(0x000000cbd6400000,0x000000cbd6500000) (1024K)]
  0x000002b7be015730 JavaThread "Finalizer"                  daemon [_thread_blocked, id=30696, stack(0x000000cbd6500000,0x000000cbd6600000) (1024K)]
  0x000002b7be017d00 JavaThread "Signal Dispatcher"          daemon [_thread_blocked, id=3624, stack(0x000000cbd6600000,0x000000cbd6700000) (1024K)]
  0x000002b7be018960 JavaThread "Attach Listener"            daemon [_thread_blocked, id=19732, stack(0x000000cbd6700000,0x000000cbd6800000) (1024K)]
  0x000002b7be01c930 JavaThread "Service Thread"             daemon [_thread_blocked, id=8728, stack(0x000000cbd6800000,0x000000cbd6900000) (1024K)]
  0x000002b7be01f4d0 JavaThread "Monitor Deflation Thread"   daemon [_thread_blocked, id=23588, stack(0x000000cbd6900000,0x000000cbd6a00000) (1024K)]
=>0x000002b7be0203b0 JavaThread "C2 CompilerThread0"         daemon [_thread_in_native, id=33588, stack(0x000000cbd6a00000,0x000000cbd6b00000) (1024K)]
  0x000002b7be0271a0 JavaThread "C1 CompilerThread0"         daemon [_thread_blocked, id=17728, stack(0x000000cbd6b00000,0x000000cbd6c00000) (1024K)]
  0x000002b819055170 JavaThread "Common-Cleaner"             daemon [_thread_blocked, id=42060, stack(0x000000cbd6c00000,0x000000cbd6d00000) (1024K)]
  0x000002b819145600 JavaThread "Notification Thread"        daemon [_thread_blocked, id=33636, stack(0x000000cbd6d00000,0x000000cbd6e00000) (1024K)]
  0x000002b81e5fc770 JavaThread "Active Thread: Equinox Container: 02750c96-8f2b-475a-b708-1ea4cfa80845"        [_thread_blocked, id=23328, stack(0x000000cbd7500000,0x000000cbd7600000) (1024K)]
  0x000002b81e7fd010 JavaThread "Refresh Thread: Equinox Container: 02750c96-8f2b-475a-b708-1ea4cfa80845" daemon [_thread_blocked, id=42436, stack(0x000000cbd7600000,0x000000cbd7700000) (1024K)]
  0x000002b81e0f36b0 JavaThread "Framework Event Dispatcher: Equinox Container: 02750c96-8f2b-475a-b708-1ea4cfa80845" daemon [_thread_blocked, id=34508, stack(0x000000cbd7700000,0x000000cbd7800000) (1024K)]
  0x000002b81e03f810 JavaThread "Start Level: Equinox Container: 02750c96-8f2b-475a-b708-1ea4cfa80845" daemon [_thread_blocked, id=8156, stack(0x000000cbd7800000,0x000000cbd7900000) (1024K)]
  0x000002b81e8d8620 JavaThread "Bundle File Closer"         daemon [_thread_blocked, id=19712, stack(0x000000cbd7c00000,0x000000cbd7d00000) (1024K)]
  0x000002b819166070 JavaThread "SCR Component Actor"        daemon [_thread_blocked, id=36796, stack(0x000000cbd7900000,0x000000cbd7a00000) (1024K)]
  0x000002b81e7d06c0 JavaThread "Worker-JM"                         [_thread_blocked, id=38788, stack(0x000000cbd7e00000,0x000000cbd7f00000) (1024K)]
  0x000002b81ed8edc0 JavaThread "JNA Cleaner"                daemon [_thread_blocked, id=31880, stack(0x000000cbd7f00000,0x000000cbd8000000) (1024K)]
  0x000002b81ed91520 JavaThread "Java indexing"              daemon [_thread_blocked, id=11820, stack(0x000000cbd8200000,0x000000cbd8300000) (1024K)]
  0x000002b81f964400 JavaThread "Thread-1"                   daemon [_thread_in_native, id=35768, stack(0x000000cbd8800000,0x000000cbd8900000) (1024K)]
  0x000002b81f9671f0 JavaThread "Thread-2"                   daemon [_thread_in_native, id=8108, stack(0x000000cbd8900000,0x000000cbd8a00000) (1024K)]
  0x000002b81f966b60 JavaThread "Thread-3"                   daemon [_thread_in_native, id=22048, stack(0x000000cbd8a00000,0x000000cbd8b00000) (1024K)]
  0x000002b81f967f10 JavaThread "Thread-4"                   daemon [_thread_in_native, id=33840, stack(0x000000cbd8b00000,0x000000cbd8c00000) (1024K)]
  0x000002b81f965120 JavaThread "Thread-5"                   daemon [_thread_in_native, id=43056, stack(0x000000cbd8c00000,0x000000cbd8d00000) (1024K)]
  0x000002b81f964a90 JavaThread "Thread-6"                   daemon [_thread_in_native, id=42512, stack(0x000000cbd8d00000,0x000000cbd8e00000) (1024K)]
  0x000002b81f9685a0 JavaThread "Thread-7"                   daemon [_thread_in_native, id=42672, stack(0x000000cbd8e00000,0x000000cbd8f00000) (1024K)]
  0x000002b81f968c30 JavaThread "Thread-8"                   daemon [_thread_in_native, id=27696, stack(0x000000cbd8f00000,0x000000cbd9000000) (1024K)]
  0x000002b81f965e40 JavaThread "Thread-9"                   daemon [_thread_in_native, id=25692, stack(0x000000cbd9000000,0x000000cbd9100000) (1024K)]
  0x000002b81f9657b0 JavaThread "Thread-10"                  daemon [_thread_in_native, id=41372, stack(0x000000cbd9100000,0x000000cbd9200000) (1024K)]
  0x000002b81f969950 JavaThread "Thread-11"                  daemon [_thread_in_native, id=15448, stack(0x000000cbd9200000,0x000000cbd9300000) (1024K)]
  0x000002b81f9692c0 JavaThread "Thread-12"                  daemon [_thread_in_native, id=35816, stack(0x000000cbd9300000,0x000000cbd9400000) (1024K)]
  0x000002b81f969fe0 JavaThread "Thread-13"                  daemon [_thread_in_native, id=17148, stack(0x000000cbd9400000,0x000000cbd9500000) (1024K)]
  0x000002b81f96a670 JavaThread "pool-2-thread-1"                   [_thread_blocked, id=1800, stack(0x000000cbd9500000,0x000000cbd9600000) (1024K)]
  0x000002b81f96b390 JavaThread "WorkspaceEventsHandler"            [_thread_blocked, id=29944, stack(0x000000cbd9600000,0x000000cbd9700000) (1024K)]
  0x000002b81f96ba20 JavaThread "pool-1-thread-1"                   [_thread_blocked, id=41400, stack(0x000000cbd9700000,0x000000cbd9800000) (1024K)]
  0x000002b81f39bc00 JavaThread "ForkJoinPool.commonPool-worker-2" daemon [_thread_blocked, id=15180, stack(0x000000cbd9900000,0x000000cbd9a00000) (1024K)]
  0x000002b81f3a0ac0 JavaThread "ForkJoinPool.commonPool-worker-6" daemon [_thread_blocked, id=39248, stack(0x000000cbd9f00000,0x000000cbda000000) (1024K)]
  0x000002b81f3a1e70 JavaThread "ForkJoinPool.commonPool-worker-8" daemon [_thread_blocked, id=30008, stack(0x000000cbda100000,0x000000cbda200000) (1024K)]
  0x000002b81e747610 JavaThread "Java Debug Server"          daemon [_thread_in_native, id=43180, stack(0x000000cbd7d00000,0x000000cbd7e00000) (1024K)]
  0x000002b81e74aa90 JavaThread "RxSchedulerPurge-1"         daemon [_thread_blocked, id=43812, stack(0x000000cbdac00000,0x000000cbdad00000) (1024K)]
  0x000002b81e747ca0 JavaThread "RxCachedWorkerPoolEvictor-1" daemon [_thread_blocked, id=43284, stack(0x000000cbdad00000,0x000000cbdae00000) (1024K)]
  0x000002b81e74cb60 JavaThread "Cleaner-0"                  daemon [_thread_blocked, id=4924, stack(0x000000cbdaf00000,0x000000cbdb000000) (1024K)]
  0x000002b81e74c4d0 JavaThread "ForkJoinPool.commonPool-worker-10" daemon [_thread_blocked, id=23128, stack(0x000000cbdb000000,0x000000cbdb100000) (1024K)]
  0x000002b81fe05ec0 JavaThread "Worker-7"                          [_thread_blocked, id=42164, stack(0x000000cbd5f00000,0x000000cbd6000000) (1024K)]
  0x000002b81fe07900 JavaThread "ForkJoinPool.commonPool-worker-13" daemon [_thread_blocked, id=43336, stack(0x000000cbd8100000,0x000000cbd8200000) (1024K)]
  0x000002b820ff9240 JavaThread "ForkJoinPool.commonPool-worker-16" daemon [_thread_blocked, id=42284, stack(0x000000cbd5e00000,0x000000cbd5f00000) (1024K)]
  0x000002b82cc116b0 JavaThread "ForkJoinPool.commonPool-worker-17" daemon [_thread_blocked, id=29096, stack(0x000000cbd8400000,0x000000cbd8500000) (1024K)]
  0x000002b82cc13e10 JavaThread "ForkJoinPool.commonPool-worker-18" daemon [_thread_blocked, id=39396, stack(0x000000cbd8600000,0x000000cbd8700000) (1024K)]
  0x000002b82cc123d0 JavaThread "ForkJoinPool.commonPool-worker-19" daemon [_thread_blocked, id=41160, stack(0x000000cbd8000000,0x000000cbd8100000) (1024K)]
  0x000002b82cc144a0 JavaThread "ForkJoinPool.commonPool-worker-20" daemon [_thread_blocked, id=21444, stack(0x000000cbd8500000,0x000000cbd8600000) (1024K)]
  0x000002b81e7496e0 JavaThread "Worker-11"                         [_thread_blocked, id=9752, stack(0x000000cbd8700000,0x000000cbd8800000) (1024K)]
  0x000002b81f39f710 JavaThread "ForkJoinPool.commonPool-worker-21" daemon [_thread_blocked, id=21616, stack(0x000000cbd9800000,0x000000cbd9900000) (1024K)]
  0x000002b81f3a17e0 JavaThread "Worker-14"                         [_thread_blocked, id=38704, stack(0x000000cbd9a00000,0x000000cbd9b00000) (1024K)]
Total: 54

Other Threads:
  0x000002b7be00fa10 VMThread "VM Thread"                           [id=13104, stack(0x000000cbd6300000,0x000000cbd6400000) (1024K)]
  0x000002b7d67fca00 WatcherThread "VM Periodic Task Thread"        [id=37600, stack(0x000000cbd6200000,0x000000cbd6300000) (1024K)]
  0x000002b7bdf89dd0 WorkerThread "GC Thread#0"                     [id=39536, stack(0x000000cbd6100000,0x000000cbd6200000) (1024K)]
  0x000002b81e3fced0 WorkerThread "GC Thread#1"                     [id=42620, stack(0x000000cbd6f00000,0x000000cbd7000000) (1024K)]
  0x000002b81e3fd280 WorkerThread "GC Thread#2"                     [id=40600, stack(0x000000cbd7000000,0x000000cbd7100000) (1024K)]
  0x000002b81e3fd630 WorkerThread "GC Thread#3"                     [id=42924, stack(0x000000cbd7100000,0x000000cbd7200000) (1024K)]
  0x000002b81e3fd9e0 WorkerThread "GC Thread#4"                     [id=29340, stack(0x000000cbd7200000,0x000000cbd7300000) (1024K)]
  0x000002b81e3fdd90 WorkerThread "GC Thread#5"                     [id=22028, stack(0x000000cbd7300000,0x000000cbd7400000) (1024K)]
  0x000002b81e59e820 WorkerThread "GC Thread#6"                     [id=35204, stack(0x000000cbd7400000,0x000000cbd7500000) (1024K)]
  0x000002b7be0291a0 WorkerThread "GC Thread#7"                     [id=13792, stack(0x000000cbd6e00000,0x000000cbd6f00000) (1024K)]
  0x000002b81ec02fe0 WorkerThread "GC Thread#8"                     [id=39880, stack(0x000000cbd7a00000,0x000000cbd7b00000) (1024K)]
  0x000002b81efecf00 WorkerThread "GC Thread#9"                     [id=31816, stack(0x000000cbd7b00000,0x000000cbd7c00000) (1024K)]
Total: 12

Threads with active compile tasks:
C2 CompilerThread0  3348177 29920   !   4       org.eclipse.jdt.ls.core.internal.handlers.GenerateConstructorsHandler::checkConstructorStatus (402 bytes)
Total: 1

VM state: not at safepoint (normal execution)

VM Mutex/Monitor currently owned by a thread: None

Heap address: 0x0000000080000000, size: 2048 MB, Compressed Oops mode: 32-bit

CDS archive(s) mapped at: [0x000002b7d7000000-0x000002b7d7ba0000-0x000002b7d7ba0000), size 12189696, SharedBaseAddress: 0x000002b7d7000000, ArchiveRelocationMode: 1.
Compressed class space mapped at: 0x000002b7d8000000-0x000002b818000000, reserved size: 1073741824
Narrow klass base: 0x000002b7d7000000, Narrow klass shift: 0, Narrow klass range: 0x100000000

GC Precious Log:
 CardTable entry size: 512
 CPUs: 12 total, 12 available
 Memory: 5996M
 Large Page Support: Disabled
 NUMA Support: Disabled
 Compressed Oops: Enabled (32-bit)
 Alignments: Space 512K, Generation 512K, Heap 2M
 Heap Min Capacity: 100M
 Heap Initial Capacity: 100M
 Heap Max Capacity: 2G
 Pre-touch: Disabled
 Parallel Workers: 10

Heap:
 PSYoungGen      total 6144K, used 4335K [0x00000000d5580000, 0x00000000d5c80000, 0x0000000100000000)
  eden space 5632K, 70% used [0x00000000d5580000,0x00000000d5964948,0x00000000d5b00000)
  from space 512K, 68% used [0x00000000d5b00000,0x00000000d5b57608,0x00000000d5b80000)
  to   space 512K, 0% used [0x00000000d5c00000,0x00000000d5c00000,0x00000000d5c80000)
 ParOldGen       total 1357824K, used 1357450K [0x0000000080000000, 0x00000000d2e00000, 0x00000000d5580000)
  object space 1357824K, 99% used [0x0000000080000000,0x00000000d2da2a60,0x00000000d2e00000)
 Metaspace       used 88759K, committed 90432K, reserved 1179648K
  class space    used 8820K, committed 9600K, reserved 1048576K

Card table byte_map: [0x000002b7d1c30000,0x000002b7d2040000] _byte_map_base: 0x000002b7d1830000

Marking Bits: (ParMarkBitMap*) 0x00007ffb39633450
 Begin Bits: [0x000002b7d22f0000, 0x000002b7d42f0000)
 End Bits:   [0x000002b7d42f0000, 0x000002b7d62f0000)

Polling page: 0x000002b7bdcd0000

Metaspace:

Usage:
  Non-class:     78.06 MB used.
      Class:      8.61 MB used.
       Both:     86.68 MB used.

Virtual space:
  Non-class space:      128.00 MB reserved,      78.94 MB ( 62%) committed,  2 nodes.
      Class space:        1.00 GB reserved,       9.38 MB ( <1%) committed,  1 nodes.
             Both:        1.12 GB reserved,      88.31 MB (  8%) committed. 

Chunk freelists:
   Non-Class:  15.94 MB
       Class:  6.56 MB
        Both:  22.50 MB

MaxMetaspaceSize: unlimited
CompressedClassSpaceSize: 1.00 GB
Initial GC threshold: 21.00 MB
Current GC threshold: 144.50 MB
CDS: on
 - commit_granule_bytes: 65536.
 - commit_granule_words: 8192.
 - virtual_space_node_default_size: 8388608.
 - enlarge_chunks_in_place: 1.
 - use_allocation_guard: 0.


Internal statistics:

num_allocs_failed_limit: 9.
num_arena_births: 1714.
num_arena_deaths: 356.
num_vsnodes_births: 3.
num_vsnodes_deaths: 0.
num_space_committed: 1413.
num_space_uncommitted: 0.
num_chunks_returned_to_freelist: 397.
num_chunks_taken_from_freelist: 6337.
num_chunk_merges: 105.
num_chunk_splits: 3758.
num_chunks_enlarged: 2150.
num_inconsistent_stats: 0.

CodeHeap 'non-profiled nmethods': size=120000Kb used=34015Kb max_used=34015Kb free=85984Kb
 bounds [0x000002b7ca510000, 0x000002b7cc650000, 0x000002b7d1a40000]
CodeHeap 'profiled nmethods': size=120000Kb used=47329Kb max_used=52529Kb free=72670Kb
 bounds [0x000002b7c2a40000, 0x000002b7c5e30000, 0x000002b7c9f70000]
CodeHeap 'non-nmethods': size=5760Kb used=1503Kb max_used=1572Kb free=4256Kb
 bounds [0x000002b7c9f70000, 0x000002b7ca1e0000, 0x000002b7ca510000]
CodeCache: size=245760Kb, used=82847Kb, max_used=88116Kb, free=162910Kb
 total_blobs=20998, nmethods=20175, adapters=721, full_count=0
Compilation: enabled, stopped_count=0, restarted_count=0

Compilation events (20 events):
Event: 3338.427 Thread 0x000002b7be0271a0 nmethod 29910 0x000002b7c54b0190 code [0x000002b7c54b0520, 0x000002b7c54b1958]
Event: 3338.427 Thread 0x000002b7be0271a0 29911       3       org.eclipse.jdt.internal.codeassist.complete.CompletionParser::initialize (15 bytes)
Event: 3338.429 Thread 0x000002b7be0271a0 nmethod 29911 0x000002b7c432fb10 code [0x000002b7c432fd00, 0x000002b7c432fff8]
Event: 3338.433 Thread 0x000002b7be0271a0 29912       1       org.eclipse.jdt.internal.compiler.ASTVisitor::visit (2 bytes)
Event: 3338.434 Thread 0x000002b7be0271a0 nmethod 29912 0x000002b7cc646e90 code [0x000002b7cc647020, 0x000002b7cc6470e8]
Event: 3338.436 Thread 0x000002b7be0271a0 29913       3       org.eclipse.jdt.internal.compiler.ast.Initializer::isStatic (14 bytes)
Event: 3338.436 Thread 0x000002b7be0271a0 nmethod 29913 0x000002b7c560df10 code [0x000002b7c560e0c0, 0x000002b7c560e238]
Event: 3338.476 Thread 0x000002b7be0271a0 29914       3       org.eclipse.jface.text.ListLineTracker::getLineInformationOfOffset (127 bytes)
Event: 3338.478 Thread 0x000002b7be0271a0 nmethod 29914 0x000002b7c42ee590 code [0x000002b7c42ee800, 0x000002b7c42ef228]
Event: 3338.958 Thread 0x000002b7be0271a0 29915       3       org.eclipse.jdt.ls.core.internal.handlers.JdtDomModels$LspMethodBinding$$Lambda/0x000002b7d8838620::apply (8 bytes)
Event: 3338.958 Thread 0x000002b7be0271a0 nmethod 29915 0x000002b7c45ed390 code [0x000002b7c45ed560, 0x000002b7c45ed8a0]
Event: 3338.958 Thread 0x000002b7be0271a0 29916       3       org.eclipse.jdt.ls.core.internal.handlers.JdtDomModels$LspMethodBinding::lambda$0 (7 bytes)
Event: 3338.958 Thread 0x000002b7be0271a0 nmethod 29916 0x000002b7c45ece90 code [0x000002b7c45ed040, 0x000002b7c45ed1f8]
Event: 3339.355 Thread 0x000002b7be0203b0 29917       4       org.eclipse.jdt.internal.core.CompilationUnitStructureRequestor::acceptLineSeparatorPositions (1 bytes)
Event: 3339.355 Thread 0x000002b7be0203b0 nmethod 29917 0x000002b7cc647190 code [0x000002b7cc647320, 0x000002b7cc6473a8]
Event: 3339.822 Thread 0x000002b7be0203b0 29918       4       org.eclipse.jdt.internal.compiler.ClassFile$1::<init> (10 bytes)
Event: 3339.824 Thread 0x000002b7be0203b0 nmethod 29918 0x000002b7cc647490 code [0x000002b7cc647620, 0x000002b7cc6476c0]
Event: 3346.635 Thread 0x000002b7be0203b0 29919       4       org.eclipse.jdt.core.dom.DefaultASTVisitor::visit (6 bytes)
Event: 3346.669 Thread 0x000002b7be0203b0 nmethod 29919 0x000002b7cc647790 code [0x000002b7cc647960, 0x000002b7cc647d00]
Event: 3346.669 Thread 0x000002b7be0203b0 29920   !   4       org.eclipse.jdt.ls.core.internal.handlers.GenerateConstructorsHandler::checkConstructorStatus (402 bytes)

GC Heap History (20 events):
Event: 3340.248 GC heap before
{Heap before GC invocations=6454 (full 6):
 PSYoungGen      total 4608K, used 4253K [0x00000000d5580000, 0x00000000d5b80000, 0x0000000100000000)
  eden space 3072K, 100% used [0x00000000d5580000,0x00000000d5880000,0x00000000d5880000)
  from space 1536K, 76% used [0x00000000d5880000,0x00000000d59a7618,0x00000000d5a00000)
  to   space 1536K, 0% used [0x00000000d5a00000,0x00000000d5a00000,0x00000000d5b80000)
 ParOldGen       total 1354240K, used 1354018K [0x0000000080000000, 0x00000000d2a80000, 0x00000000d5580000)
  object space 1354240K, 99% used [0x0000000080000000,0x00000000d2a488c0,0x00000000d2a80000)
 Metaspace       used 88759K, committed 90432K, reserved 1179648K
  class space    used 8820K, committed 9600K, reserved 1048576K
}
Event: 3340.251 GC heap after
{Heap after GC invocations=6454 (full 6):
 PSYoungGen      total 3584K, used 224K [0x00000000d5580000, 0x00000000d5a80000, 0x0000000100000000)
  eden space 3072K, 0% used [0x00000000d5580000,0x00000000d5580000,0x00000000d5880000)
  from space 512K, 43% used [0x00000000d5a00000,0x00000000d5a38000,0x00000000d5a80000)
  to   space 1024K, 0% used [0x00000000d5880000,0x00000000d5880000,0x00000000d5980000)
 ParOldGen       total 1354752K, used 1354342K [0x0000000080000000, 0x00000000d2b00000, 0x00000000d5580000)
  object space 1354752K, 99% used [0x0000000080000000,0x00000000d2a99ab0,0x00000000d2b00000)
 Metaspace       used 88759K, committed 90432K, reserved 1179648K
  class space    used 8820K, committed 9600K, reserved 1048576K
}
Event: 3346.589 GC heap before
{Heap before GC invocations=6455 (full 6):
 PSYoungGen      total 3584K, used 3296K [0x00000000d5580000, 0x00000000d5a80000, 0x0000000100000000)
  eden space 3072K, 100% used [0x00000000d5580000,0x00000000d5880000,0x00000000d5880000)
  from space 512K, 43% used [0x00000000d5a00000,0x00000000d5a38000,0x00000000d5a80000)
  to   space 1024K, 0% used [0x00000000d5880000,0x00000000d5880000,0x00000000d5980000)
 ParOldGen       total 1354752K, used 1354342K [0x0000000080000000, 0x00000000d2b00000, 0x00000000d5580000)
  object space 1354752K, 99% used [0x0000000080000000,0x00000000d2a99ab0,0x00000000d2b00000)
 Metaspace       used 88759K, committed 90432K, reserved 1179648K
  class space    used 8820K, committed 9600K, reserved 1048576K
}
Event: 3346.593 GC heap after
{Heap after GC invocations=6455 (full 6):
 PSYoungGen      total 4096K, used 317K [0x00000000d5580000, 0x00000000d5a80000, 0x0000000100000000)
  eden space 3072K, 0% used [0x00000000d5580000,0x00000000d5580000,0x00000000d5880000)
  from space 1024K, 31% used [0x00000000d5880000,0x00000000d58cf608,0x00000000d5980000)
  to   space 512K, 0% used [0x00000000d5a00000,0x00000000d5a00000,0x00000000d5a80000)
 ParOldGen       total 1354752K, used 1354382K [0x0000000080000000, 0x00000000d2b00000, 0x00000000d5580000)
  object space 1354752K, 99% used [0x0000000080000000,0x00000000d2aa3ab0,0x00000000d2b00000)
 Metaspace       used 88759K, committed 90432K, reserved 1179648K
  class space    used 8820K, committed 9600K, reserved 1048576K
}
Event: 3346.608 GC heap before
{Heap before GC invocations=6456 (full 6):
 PSYoungGen      total 4096K, used 3389K [0x00000000d5580000, 0x00000000d5a80000, 0x0000000100000000)
  eden space 3072K, 100% used [0x00000000d5580000,0x00000000d5880000,0x00000000d5880000)
  from space 1024K, 31% used [0x00000000d5880000,0x00000000d58cf608,0x00000000d5980000)
  to   space 512K, 0% used [0x00000000d5a00000,0x00000000d5a00000,0x00000000d5a80000)
 ParOldGen       total 1354752K, used 1354382K [0x0000000080000000, 0x00000000d2b00000, 0x00000000d5580000)
  object space 1354752K, 99% used [0x0000000080000000,0x00000000d2aa3ab0,0x00000000d2b00000)
 Metaspace       used 88759K, committed 90432K, reserved 1179648K
  class space    used 8820K, committed 9600K, reserved 1048576K
}
Event: 3346.613 GC heap after
{Heap after GC invocations=6456 (full 6):
 PSYoungGen      total 3584K, used 512K [0x00000000d5580000, 0x00000000d5b80000, 0x0000000100000000)
  eden space 3072K, 0% used [0x00000000d5580000,0x00000000d5580000,0x00000000d5880000)
  from space 512K, 100% used [0x00000000d5a00000,0x00000000d5a80000,0x00000000d5a80000)
  to   space 1536K, 0% used [0x00000000d5880000,0x00000000d5880000,0x00000000d5a00000)
 ParOldGen       total 1355264K, used 1355086K [0x0000000080000000, 0x00000000d2b80000, 0x00000000d5580000)
  object space 1355264K, 99% used [0x0000000080000000,0x00000000d2b53990,0x00000000d2b80000)
 Metaspace       used 88759K, committed 90432K, reserved 1179648K
  class space    used 8820K, committed 9600K, reserved 1048576K
}
Event: 3346.624 GC heap before
{Heap before GC invocations=6457 (full 6):
 PSYoungGen      total 3584K, used 3584K [0x00000000d5580000, 0x00000000d5b80000, 0x0000000100000000)
  eden space 3072K, 100% used [0x00000000d5580000,0x00000000d5880000,0x00000000d5880000)
  from space 512K, 100% used [0x00000000d5a00000,0x00000000d5a80000,0x00000000d5a80000)
  to   space 1536K, 0% used [0x00000000d5880000,0x00000000d5880000,0x00000000d5a00000)
 ParOldGen       total 1355264K, used 1355086K [0x0000000080000000, 0x00000000d2b80000, 0x00000000d5580000)
  object space 1355264K, 99% used [0x0000000080000000,0x00000000d2b53990,0x00000000d2b80000)
 Metaspace       used 88759K, committed 90432K, reserved 1179648K
  class space    used 8820K, committed 9600K, reserved 1048576K
}
Event: 3346.629 GC heap after
{Heap after GC invocations=6457 (full 6):
 PSYoungGen      total 4096K, used 573K [0x00000000d5580000, 0x00000000d5a80000, 0x0000000100000000)
  eden space 3072K, 0% used [0x00000000d5580000,0x00000000d5580000,0x00000000d5880000)
  from space 1024K, 56% used [0x00000000d5880000,0x00000000d590f608,0x00000000d5980000)
  to   space 1024K, 0% used [0x00000000d5980000,0x00000000d5980000,0x00000000d5a80000)
 ParOldGen       total 1355776K, used 1355599K [0x0000000080000000, 0x00000000d2c00000, 0x00000000d5580000)
  object space 1355776K, 99% used [0x0000000080000000,0x00000000d2bd3e20,0x00000000d2c00000)
 Metaspace       used 88759K, committed 90432K, reserved 1179648K
  class space    used 8820K, committed 9600K, reserved 1048576K
}
Event: 3346.651 GC heap before
{Heap before GC invocations=6458 (full 6):
 PSYoungGen      total 4096K, used 3645K [0x00000000d5580000, 0x00000000d5a80000, 0x0000000100000000)
  eden space 3072K, 100% used [0x00000000d5580000,0x00000000d5880000,0x00000000d5880000)
  from space 1024K, 56% used [0x00000000d5880000,0x00000000d590f608,0x00000000d5980000)
  to   space 1024K, 0% used [0x00000000d5980000,0x00000000d5980000,0x00000000d5a80000)
 ParOldGen       total 1355776K, used 1355599K [0x0000000080000000, 0x00000000d2c00000, 0x00000000d5580000)
  object space 1355776K, 99% used [0x0000000080000000,0x00000000d2bd3e20,0x00000000d2c00000)
 Metaspace       used 88759K, committed 90432K, reserved 1179648K
  class space    used 8820K, committed 9600K, reserved 1048576K
}
Event: 3346.655 GC heap after
{Heap after GC invocations=6458 (full 6):
 PSYoungGen      total 4096K, used 859K [0x00000000d5580000, 0x00000000d5a80000, 0x0000000100000000)
  eden space 3072K, 0% used [0x00000000d5580000,0x00000000d5580000,0x00000000d5880000)
  from space 1024K, 83% used [0x00000000d5980000,0x00000000d5a56c10,0x00000000d5a80000)
  to   space 1024K, 0% used [0x00000000d5880000,0x00000000d5880000,0x00000000d5980000)
 ParOldGen       total 1356288K, used 1355993K [0x0000000080000000, 0x00000000d2c80000, 0x00000000d5580000)
  object space 1356288K, 99% used [0x0000000080000000,0x00000000d2c36618,0x00000000d2c80000)
 Metaspace       used 88759K, committed 90432K, reserved 1179648K
  class space    used 8820K, committed 9600K, reserved 1048576K
}
Event: 3346.662 GC heap before
{Heap before GC invocations=6459 (full 6):
 PSYoungGen      total 4096K, used 3931K [0x00000000d5580000, 0x00000000d5a80000, 0x0000000100000000)
  eden space 3072K, 100% used [0x00000000d5580000,0x00000000d5880000,0x00000000d5880000)
  from space 1024K, 83% used [0x00000000d5980000,0x00000000d5a56c10,0x00000000d5a80000)
  to   space 1024K, 0% used [0x00000000d5880000,0x00000000d5880000,0x00000000d5980000)
 ParOldGen       total 1356288K, used 1355993K [0x0000000080000000, 0x00000000d2c80000, 0x00000000d5580000)
  object space 1356288K, 99% used [0x0000000080000000,0x00000000d2c36618,0x00000000d2c80000)
 Metaspace       used 88759K, committed 90432K, reserved 1179648K
  class space    used 8820K, committed 9600K, reserved 1048576K
}
Event: 3346.668 GC heap after
{Heap after GC invocations=6459 (full 6):
 PSYoungGen      total 4096K, used 608K [0x00000000d5580000, 0x00000000d5b80000, 0x0000000100000000)
  eden space 3072K, 0% used [0x00000000d5580000,0x00000000d5580000,0x00000000d5880000)
  from space 1024K, 59% used [0x00000000d5880000,0x00000000d5918000,0x00000000d5980000)
  to   space 1024K, 0% used [0x00000000d5a80000,0x00000000d5a80000,0x00000000d5b80000)
 ParOldGen       total 1356800K, used 1356601K [0x0000000080000000, 0x00000000d2d00000, 0x00000000d5580000)
  object space 1356800K, 99% used [0x0000000080000000,0x00000000d2cce690,0x00000000d2d00000)
 Metaspace       used 88759K, committed 90432K, reserved 1179648K
  class space    used 8820K, committed 9600K, reserved 1048576K
}
Event: 3346.672 GC heap before
{Heap before GC invocations=6460 (full 6):
 PSYoungGen      total 4096K, used 3680K [0x00000000d5580000, 0x00000000d5b80000, 0x0000000100000000)
  eden space 3072K, 100% used [0x00000000d5580000,0x00000000d5880000,0x00000000d5880000)
  from space 1024K, 59% used [0x00000000d5880000,0x00000000d5918000,0x00000000d5980000)
  to   space 1024K, 0% used [0x00000000d5a80000,0x00000000d5a80000,0x00000000d5b80000)
 ParOldGen       total 1356800K, used 1356601K [0x0000000080000000, 0x00000000d2d00000, 0x00000000d5580000)
  object space 1356800K, 99% used [0x0000000080000000,0x00000000d2cce690,0x00000000d2d00000)
 Metaspace       used 88759K, committed 90432K, reserved 1179648K
  class space    used 8820K, committed 9600K, reserved 1048576K
}
Event: 3346.676 GC heap after
{Heap after GC invocations=6460 (full 6):
 PSYoungGen      total 5120K, used 608K [0x00000000d5580000, 0x00000000d5b80000, 0x0000000100000000)
  eden space 4096K, 0% used [0x00000000d5580000,0x00000000d5580000,0x00000000d5980000)
  from space 1024K, 59% used [0x00000000d5a80000,0x00000000d5b18000,0x00000000d5b80000)
  to   space 1024K, 0% used [0x00000000d5980000,0x00000000d5980000,0x00000000d5a80000)
 ParOldGen       total 1357312K, used 1357042K [0x0000000080000000, 0x00000000d2d80000, 0x00000000d5580000)
  object space 1357312K, 99% used [0x0000000080000000,0x00000000d2d3ca60,0x00000000d2d80000)
 Metaspace       used 88759K, committed 90432K, reserved 1179648K
  class space    used 8820K, committed 9600K, reserved 1048576K
}
Event: 3346.683 GC heap before
{Heap before GC invocations=6461 (full 6):
 PSYoungGen      total 5120K, used 4704K [0x00000000d5580000, 0x00000000d5b80000, 0x0000000100000000)
  eden space 4096K, 100% used [0x00000000d5580000,0x00000000d5980000,0x00000000d5980000)
  from space 1024K, 59% used [0x00000000d5a80000,0x00000000d5b18000,0x00000000d5b80000)
  to   space 1024K, 0% used [0x00000000d5980000,0x00000000d5980000,0x00000000d5a80000)
 ParOldGen       total 1357312K, used 1357042K [0x0000000080000000, 0x00000000d2d80000, 0x00000000d5580000)
  object space 1357312K, 99% used [0x0000000080000000,0x00000000d2d3ca60,0x00000000d2d80000)
 Metaspace       used 88759K, committed 90432K, reserved 1179648K
  class space    used 8820K, committed 9600K, reserved 1048576K
}
Event: 3346.690 GC heap after
{Heap after GC invocations=6461 (full 6):
 PSYoungGen      total 5120K, used 541K [0x00000000d5580000, 0x00000000d5c80000, 0x0000000100000000)
  eden space 4096K, 0% used [0x00000000d5580000,0x00000000d5580000,0x00000000d5980000)
  from space 1024K, 52% used [0x00000000d5980000,0x00000000d5a07608,0x00000000d5a80000)
  to   space 1024K, 0% used [0x00000000d5b80000,0x00000000d5b80000,0x00000000d5c80000)
 ParOldGen       total 1357312K, used 1357306K [0x0000000080000000, 0x00000000d2d80000, 0x00000000d5580000)
  object space 1357312K, 99% used [0x0000000080000000,0x00000000d2d7ea60,0x00000000d2d80000)
 Metaspace       used 88759K, committed 90432K, reserved 1179648K
  class space    used 8820K, committed 9600K, reserved 1048576K
}
Event: 3346.994 GC heap before
{Heap before GC invocations=6462 (full 6):
 PSYoungGen      total 5120K, used 4635K [0x00000000d5580000, 0x00000000d5c80000, 0x0000000100000000)
  eden space 4096K, 99% used [0x00000000d5580000,0x00000000d597f640,0x00000000d5980000)
  from space 1024K, 52% used [0x00000000d5980000,0x00000000d5a07608,0x00000000d5a80000)
  to   space 1024K, 0% used [0x00000000d5b80000,0x00000000d5b80000,0x00000000d5c80000)
 ParOldGen       total 1357312K, used 1357306K [0x0000000080000000, 0x00000000d2d80000, 0x00000000d5580000)
  object space 1357312K, 99% used [0x0000000080000000,0x00000000d2d7ea60,0x00000000d2d80000)
 Metaspace       used 88759K, committed 90432K, reserved 1179648K
  class space    used 8820K, committed 9600K, reserved 1048576K
}
Event: 3346.997 GC heap after
{Heap after GC invocations=6462 (full 6):
 PSYoungGen      total 5632K, used 320K [0x00000000d5580000, 0x00000000d5c00000, 0x0000000100000000)
  eden space 5120K, 0% used [0x00000000d5580000,0x00000000d5580000,0x00000000d5a80000)
  from space 512K, 62% used [0x00000000d5b80000,0x00000000d5bd0000,0x00000000d5c00000)
  to   space 512K, 0% used [0x00000000d5b00000,0x00000000d5b00000,0x00000000d5b80000)
 ParOldGen       total 1357824K, used 1357394K [0x0000000080000000, 0x00000000d2e00000, 0x00000000d5580000)
  object space 1357824K, 99% used [0x0000000080000000,0x00000000d2d94a60,0x00000000d2e00000)
 Metaspace       used 88759K, committed 90432K, reserved 1179648K
  class space    used 8820K, committed 9600K, reserved 1048576K
}
Event: 3347.061 GC heap before
{Heap before GC invocations=6463 (full 6):
 PSYoungGen      total 5632K, used 5430K [0x00000000d5580000, 0x00000000d5c00000, 0x0000000100000000)
  eden space 5120K, 99% used [0x00000000d5580000,0x00000000d5a7d990,0x00000000d5a80000)
  from space 512K, 62% used [0x00000000d5b80000,0x00000000d5bd0000,0x00000000d5c00000)
  to   space 512K, 0% used [0x00000000d5b00000,0x00000000d5b00000,0x00000000d5b80000)
 ParOldGen       total 1357824K, used 1357394K [0x0000000080000000, 0x00000000d2e00000, 0x00000000d5580000)
  object space 1357824K, 99% used [0x0000000080000000,0x00000000d2d94a60,0x00000000d2e00000)
 Metaspace       used 88759K, committed 90432K, reserved 1179648K
  class space    used 8820K, committed 9600K, reserved 1048576K
}
Event: 3348.045 GC heap after
{Heap after GC invocations=6463 (full 6):
 PSYoungGen      total 6144K, used 349K [0x00000000d5580000, 0x00000000d5c80000, 0x0000000100000000)
  eden space 5632K, 0% used [0x00000000d5580000,0x00000000d5580000,0x00000000d5b00000)
  from space 512K, 68% used [0x00000000d5b00000,0x00000000d5b57608,0x00000000d5b80000)
  to   space 512K, 0% used [0x00000000d5c00000,0x00000000d5c00000,0x00000000d5c80000)
 ParOldGen       total 1357824K, used 1357450K [0x0000000080000000, 0x00000000d2e00000, 0x00000000d5580000)
  object space 1357824K, 99% used [0x0000000080000000,0x00000000d2da2a60,0x00000000d2e00000)
 Metaspace       used 88759K, committed 90432K, reserved 1179648K
  class space    used 8820K, committed 9600K, reserved 1048576K
}

Dll operation events (11 events):
Event: 0.025 Loaded shared library c:\Users\dizah\.vscode\extensions\redhat.java-1.54.0-win32-x64\jre\21.0.10-win32-x86_64\bin\java.dll
Event: 0.159 Loaded shared library c:\Users\dizah\.vscode\extensions\redhat.java-1.54.0-win32-x64\jre\21.0.10-win32-x86_64\bin\zip.dll
Event: 0.218 Loaded shared library C:\Users\dizah\.vscode\extensions\redhat.java-1.54.0-win32-x64\jre\21.0.10-win32-x86_64\bin\instrument.dll
Event: 0.230 Loaded shared library C:\Users\dizah\.vscode\extensions\redhat.java-1.54.0-win32-x64\jre\21.0.10-win32-x86_64\bin\net.dll
Event: 0.236 Loaded shared library C:\Users\dizah\.vscode\extensions\redhat.java-1.54.0-win32-x64\jre\21.0.10-win32-x86_64\bin\nio.dll
Event: 0.245 Loaded shared library C:\Users\dizah\.vscode\extensions\redhat.java-1.54.0-win32-x64\jre\21.0.10-win32-x86_64\bin\zip.dll
Event: 0.283 Loaded shared library C:\Users\dizah\.vscode\extensions\redhat.java-1.54.0-win32-x64\jre\21.0.10-win32-x86_64\bin\jimage.dll
Event: 0.523 Loaded shared library c:\Users\dizah\.vscode\extensions\redhat.java-1.54.0-win32-x64\jre\21.0.10-win32-x86_64\bin\verify.dll
Event: 16.658 Loaded shared library C:\Users\dizah\AppData\Roaming\Code\User\globalStorage\redhat.java\1.54.0\config_win\org.eclipse.equinox.launcher\org.eclipse.equinox.launcher.win32.win32.x86_64_1.3.0.v20260203-2149\eclipse_11919.dll
Event: 33.642 Loaded shared library C:\Users\dizah\AppData\Local\Temp\jna-95600508\jna16199796994756127502.dll
Event: 49.161 Loaded shared library C:\Users\dizah\.vscode\extensions\redhat.java-1.54.0-win32-x64\jre\21.0.10-win32-x86_64\bin\extnet.dll

Deoptimization events (20 events):
Event: 3335.111 Thread 0x000002b82cc123d0 Uncommon trap: trap_request=0xffffffbe fr.pc=0x000002b7cc63a348 relative=0x0000000000002d88
Event: 3335.111 Thread 0x000002b82cc123d0 Uncommon trap: reason=profile_predicate action=maybe_recompile pc=0x000002b7cc63a348 method=org.eclipse.jdt.internal.corext.dom.ScopeAnalyzer.addInherited(Lorg/eclipse/jdt/core/dom/ITypeBinding;ZILorg/eclipse/jdt/internal/corext/dom/ScopeAnalyzer$IBinding
Event: 3335.111 Thread 0x000002b82cc123d0 DEOPT PACKING pc=0x000002b7cc63a348 sp=0x000000cbd80fe070
Event: 3335.111 Thread 0x000002b82cc123d0 DEOPT UNPACKING pc=0x000002b7c9fc3aa2 sp=0x000000cbd80fe058 mode 2
Event: 3335.112 Thread 0x000002b82cc123d0 Uncommon trap: trap_request=0xffffffbe fr.pc=0x000002b7cc63a348 relative=0x0000000000002d88
Event: 3335.112 Thread 0x000002b82cc123d0 Uncommon trap: reason=profile_predicate action=maybe_recompile pc=0x000002b7cc63a348 method=org.eclipse.jdt.internal.corext.dom.ScopeAnalyzer.addInherited(Lorg/eclipse/jdt/core/dom/ITypeBinding;ZILorg/eclipse/jdt/internal/corext/dom/ScopeAnalyzer$IBinding
Event: 3335.112 Thread 0x000002b82cc123d0 DEOPT PACKING pc=0x000002b7cc63a348 sp=0x000000cbd80fdf50
Event: 3335.112 Thread 0x000002b82cc123d0 DEOPT UNPACKING pc=0x000002b7c9fc3aa2 sp=0x000000cbd80fdf38 mode 2
Event: 3335.112 Thread 0x000002b82cc123d0 Uncommon trap: trap_request=0xffffffbe fr.pc=0x000002b7cc63a348 relative=0x0000000000002d88
Event: 3335.112 Thread 0x000002b82cc123d0 Uncommon trap: reason=profile_predicate action=maybe_recompile pc=0x000002b7cc63a348 method=org.eclipse.jdt.internal.corext.dom.ScopeAnalyzer.addInherited(Lorg/eclipse/jdt/core/dom/ITypeBinding;ZILorg/eclipse/jdt/internal/corext/dom/ScopeAnalyzer$IBinding
Event: 3335.112 Thread 0x000002b82cc123d0 DEOPT PACKING pc=0x000002b7cc63a348 sp=0x000000cbd80fde30
Event: 3335.112 Thread 0x000002b82cc123d0 DEOPT UNPACKING pc=0x000002b7c9fc3aa2 sp=0x000000cbd80fde18 mode 2
Event: 3335.112 Thread 0x000002b82cc123d0 Uncommon trap: trap_request=0xffffffbe fr.pc=0x000002b7cc63a7f0 relative=0x0000000000003230
Event: 3335.112 Thread 0x000002b82cc123d0 Uncommon trap: reason=profile_predicate action=maybe_recompile pc=0x000002b7cc63a7f0 method=org.eclipse.jdt.internal.corext.dom.ScopeAnalyzer.addInherited(Lorg/eclipse/jdt/core/dom/ITypeBinding;ZILorg/eclipse/jdt/internal/corext/dom/ScopeAnalyzer$IBinding
Event: 3335.112 Thread 0x000002b82cc123d0 DEOPT PACKING pc=0x000002b7cc63a7f0 sp=0x000000cbd80fdd10
Event: 3335.112 Thread 0x000002b82cc123d0 DEOPT UNPACKING pc=0x000002b7c9fc3aa2 sp=0x000000cbd80fdcf8 mode 2
Event: 3335.114 Thread 0x000002b82cc123d0 Uncommon trap: trap_request=0xffffffbe fr.pc=0x000002b7cc63a348 relative=0x0000000000002d88
Event: 3335.114 Thread 0x000002b82cc123d0 Uncommon trap: reason=profile_predicate action=maybe_recompile pc=0x000002b7cc63a348 method=org.eclipse.jdt.internal.corext.dom.ScopeAnalyzer.addInherited(Lorg/eclipse/jdt/core/dom/ITypeBinding;ZILorg/eclipse/jdt/internal/corext/dom/ScopeAnalyzer$IBinding
Event: 3335.114 Thread 0x000002b82cc123d0 DEOPT PACKING pc=0x000002b7cc63a348 sp=0x000000cbd80fdef0
Event: 3335.114 Thread 0x000002b82cc123d0 DEOPT UNPACKING pc=0x000002b7c9fc3aa2 sp=0x000000cbd80fded8 mode 2

Classes loaded (20 events):
Event: 344.701 Loading class java/io/ObjectOutputStream$BlockDataOutputStream
Event: 344.710 Loading class java/io/ObjectOutputStream$BlockDataOutputStream done
Event: 344.710 Loading class java/io/ObjectOutputStream$HandleTable
Event: 344.713 Loading class java/io/ObjectOutputStream$HandleTable done
Event: 344.713 Loading class java/io/ObjectOutputStream$ReplaceTable
Event: 344.716 Loading class java/io/ObjectOutputStream$ReplaceTable done
Event: 599.257 Loading class java/util/stream/ReduceOps$5
Event: 599.260 Loading class java/util/stream/ReduceOps$5 done
Event: 599.260 Loading class java/util/stream/ReduceOps$CountingSink$OfRef
Event: 599.260 Loading class java/util/stream/ReduceOps$CountingSink
Event: 599.262 Loading class java/util/stream/ReduceOps$CountingSink done
Event: 599.262 Loading class java/util/stream/ReduceOps$CountingSink$OfRef done
Event: 858.859 Loading class java/lang/StringLatin1$CharsSpliterator
Event: 858.862 Loading class java/lang/StringLatin1$CharsSpliterator done
Event: 1159.989 Loading class java/util/ArrayDeque$DeqSpliterator
Event: 1159.991 Loading class java/util/ArrayDeque$DeqSpliterator done
Event: 1219.917 Loading class java/nio/channels/CompletionHandler
Event: 1219.922 Loading class java/nio/channels/CompletionHandler done
Event: 2134.758 Loading class java/util/DualPivotQuicksort$Sorter
Event: 2134.771 Loading class java/util/DualPivotQuicksort$Sorter done

Classes unloaded (20 events):
Event: 2126.383 Thread 0x000002b7be00fa10 Unloading class 0x000002b7d8016400 'java/lang/invoke/LambdaForm$MH+0x000002b7d8016400'
Event: 2126.384 Thread 0x000002b7be00fa10 Unloading class 0x000002b7d8014800 'java/lang/invoke/LambdaForm$MH+0x000002b7d8014800'
Event: 2126.384 Thread 0x000002b7be00fa10 Unloading class 0x000002b7d800d800 'java/lang/invoke/LambdaForm$MH+0x000002b7d800d800'
Event: 2126.385 Thread 0x000002b7be00fa10 Unloading class 0x000002b7d800d400 'java/lang/invoke/LambdaForm$MH+0x000002b7d800d400'
Event: 2126.385 Thread 0x000002b7be00fa10 Unloading class 0x000002b7d800d000 'java/lang/invoke/LambdaForm$MH+0x000002b7d800d000'
Event: 2126.386 Thread 0x000002b7be00fa10 Unloading class 0x000002b7d800cc00 'java/lang/invoke/LambdaForm$MH+0x000002b7d800cc00'
Event: 2126.386 Thread 0x000002b7be00fa10 Unloading class 0x000002b7d800c800 'java/lang/invoke/LambdaForm$BMH+0x000002b7d800c800'
Event: 2126.386 Thread 0x000002b7be00fa10 Unloading class 0x000002b7d800c000 'java/lang/invoke/LambdaForm$DMH+0x000002b7d800c000'
Event: 2126.387 Thread 0x000002b7be00fa10 Unloading class 0x000002b7d8008c00 'java/lang/invoke/LambdaForm$MH+0x000002b7d8008c00'
Event: 2126.387 Thread 0x000002b7be00fa10 Unloading class 0x000002b7d8008800 'java/lang/invoke/LambdaForm$MH+0x000002b7d8008800'
Event: 2126.387 Thread 0x000002b7be00fa10 Unloading class 0x000002b7d8008400 'java/lang/invoke/LambdaForm$MH+0x000002b7d8008400'
Event: 2126.387 Thread 0x000002b7be00fa10 Unloading class 0x000002b7d8007000 'java/lang/invoke/LambdaForm$MH+0x000002b7d8007000'
Event: 2126.387 Thread 0x000002b7be00fa10 Unloading class 0x000002b7d8006800 'java/lang/invoke/LambdaForm$MH+0x000002b7d8006800'
Event: 2126.387 Thread 0x000002b7be00fa10 Unloading class 0x000002b7d8006400 'java/lang/invoke/LambdaForm$MH+0x000002b7d8006400'
Event: 2126.387 Thread 0x000002b7be00fa10 Unloading class 0x000002b7d8006000 'java/lang/invoke/LambdaForm$MH+0x000002b7d8006000'
Event: 2126.387 Thread 0x000002b7be00fa10 Unloading class 0x000002b7d8005c00 'java/lang/invoke/LambdaForm$BMH+0x000002b7d8005c00'
Event: 2126.387 Thread 0x000002b7be00fa10 Unloading class 0x000002b7d8004800 'java/lang/invoke/LambdaForm$DMH+0x000002b7d8004800'
Event: 2126.388 Thread 0x000002b7be00fa10 Unloading class 0x000002b7d8002400 'java/lang/invoke/LambdaForm$MH+0x000002b7d8002400'
Event: 2126.388 Thread 0x000002b7be00fa10 Unloading class 0x000002b7d8002000 'java/lang/invoke/LambdaForm$MH+0x000002b7d8002000'
Event: 2126.388 Thread 0x000002b7be00fa10 Unloading class 0x000002b7d8001800 'java/lang/invoke/LambdaForm$MH+0x000002b7d8001800'

Classes redefined (0 events):
No events

Internal exceptions (20 events):
Event: 2789.365 Thread 0x000002b81fe07900 Implicit null exception at 0x000002b7caf00704 to 0x000002b7caf012e0
Event: 2829.956 Thread 0x000002b82cc116b0 Implicit null exception at 0x000002b7ca69e14e to 0x000002b7ca69fa28
Event: 2831.126 Thread 0x000002b82cc116b0 Implicit null exception at 0x000002b7cab984bb to 0x000002b7cab99e70
Event: 2847.043 Thread 0x000002b82cc116b0 Implicit null exception at 0x000002b7cba3da0d to 0x000002b7cba3dc1c
Event: 2847.101 Thread 0x000002b82cc116b0 Implicit null exception at 0x000002b7cb0671ad to 0x000002b7cb06769d
Event: 2847.783 Thread 0x000002b82cc116b0 Implicit null exception at 0x000002b7cc28d87a to 0x000002b7cc28e004
Event: 2848.298 Thread 0x000002b82cc116b0 Exception <a 'sun/nio/fs/WindowsException'{0x00000000d55fc8c0}> (0x00000000d55fc8c0) 
thrown [s\src\hotspot\share\prims\jni.cpp, line 520]
Event: 2848.305 Thread 0x000002b82cc116b0 Exception <a 'sun/nio/fs/WindowsException'{0x00000000d55fcef0}> (0x00000000d55fcef0) 
thrown [s\src\hotspot\share\prims\jni.cpp, line 520]
Event: 2924.604 Thread 0x000002b81f39f710 Exception <a 'sun/nio/fs/WindowsException'{0x00000000d56b41a0}> (0x00000000d56b41a0) 
thrown [s\src\hotspot\share\prims\jni.cpp, line 520]
Event: 2924.610 Thread 0x000002b81f39f710 Exception <a 'sun/nio/fs/WindowsException'{0x00000000d56b47d0}> (0x00000000d56b47d0) 
thrown [s\src\hotspot\share\prims\jni.cpp, line 520]
Event: 2945.474 Thread 0x000002b82cc144a0 Implicit null exception at 0x000002b7cb938a94 to 0x000002b7cb938b94
Event: 2945.479 Thread 0x000002b82cc144a0 Implicit null exception at 0x000002b7cc292809 to 0x000002b7cc293ec8
Event: 2960.453 Thread 0x000002b82cc144a0 Implicit null exception at 0x000002b7cabd3918 to 0x000002b7cabd4d5c
Event: 2960.562 Thread 0x000002b82cc144a0 Implicit null exception at 0x000002b7cc1ce0fd to 0x000002b7cc1d0d38
Event: 2960.571 Thread 0x000002b82cc144a0 Implicit null exception at 0x000002b7cc1d746f to 0x000002b7cc1da0cc
Event: 3003.569 Thread 0x000002b82cc123d0 Implicit null exception at 0x000002b7cc2e018f to 0x000002b7cc2e0283
Event: 3003.618 Thread 0x000002b82cc123d0 Implicit null exception at 0x000002b7cbb4ad19 to 0x000002b7cbb4b0cc
Event: 3004.035 Thread 0x000002b82cc13e10 Implicit null exception at 0x000002b7cbc276da to 0x000002b7cbc27714
Event: 3028.386 Thread 0x000002b82cc144a0 Implicit null exception at 0x000002b7cb6b9bde to 0x000002b7cb6b9c61
Event: 3028.391 Thread 0x000002b82cc144a0 Implicit null exception at 0x000002b7cb93758d to 0x000002b7cb937e30

ZGC Phase Switch (0 events):
No events

VM Operations (20 events):
Event: 3340.248 Executing safepoint VM operation: ParallelGCFailedAllocation (Allocation Failure)
Event: 3340.252 Executing safepoint VM operation: ParallelGCFailedAllocation (Allocation Failure) done
Event: 3346.589 Executing safepoint VM operation: ParallelGCFailedAllocation (Allocation Failure)
Event: 3346.593 Executing safepoint VM operation: ParallelGCFailedAllocation (Allocation Failure) done
Event: 3346.608 Executing safepoint VM operation: ParallelGCFailedAllocation (Allocation Failure)
Event: 3346.613 Executing safepoint VM operation: ParallelGCFailedAllocation (Allocation Failure) done
Event: 3346.624 Executing safepoint VM operation: ParallelGCFailedAllocation (Allocation Failure)
Event: 3346.629 Executing safepoint VM operation: ParallelGCFailedAllocation (Allocation Failure) done
Event: 3346.641 Executing safepoint VM operation: ParallelGCFailedAllocation (Allocation Failure)
Event: 3346.655 Executing safepoint VM operation: ParallelGCFailedAllocation (Allocation Failure) done
Event: 3346.662 Executing safepoint VM operation: ParallelGCFailedAllocation (Allocation Failure)
Event: 3346.668 Executing safepoint VM operation: ParallelGCFailedAllocation (Allocation Failure) done
Event: 3346.672 Executing safepoint VM operation: ParallelGCFailedAllocation (Allocation Failure)
Event: 3346.676 Executing safepoint VM operation: ParallelGCFailedAllocation (Allocation Failure) done
Event: 3346.682 Executing safepoint VM operation: ParallelGCFailedAllocation (Allocation Failure)
Event: 3346.690 Executing safepoint VM operation: ParallelGCFailedAllocation (Allocation Failure) done
Event: 3346.994 Executing safepoint VM operation: ParallelGCFailedAllocation (Allocation Failure)
Event: 3346.998 Executing safepoint VM operation: ParallelGCFailedAllocation (Allocation Failure) done
Event: 3347.061 Executing safepoint VM operation: ParallelGCFailedAllocation (Allocation Failure)
Event: 3348.045 Executing safepoint VM operation: ParallelGCFailedAllocation (Allocation Failure) done

Memory protections (0 events):
No events

Nmethod flushes (20 events):
Event: 2130.866 Thread 0x000002b7be00fa10 flushing  nmethod 0x000002b7c58e1e10
Event: 2130.866 Thread 0x000002b7be00fa10 flushing  nmethod 0x000002b7c5a17790
Event: 2130.866 Thread 0x000002b7be00fa10 flushing  nmethod 0x000002b7c5a52a10
Event: 2130.866 Thread 0x000002b7be00fa10 flushing osr nmethod 0x000002b7c5aaf890
Event: 2130.867 Thread 0x000002b7be00fa10 flushing  nmethod 0x000002b7c5af1190
Event: 2130.867 Thread 0x000002b7be00fa10 flushing  nmethod 0x000002b7c5b06a90
Event: 2130.867 Thread 0x000002b7be00fa10 flushing  nmethod 0x000002b7c5b37310
Event: 2130.867 Thread 0x000002b7be00fa10 flushing osr nmethod 0x000002b7c5c32990
Event: 2130.867 Thread 0x000002b7be00fa10 flushing  nmethod 0x000002b7c5c3ef10
Event: 2130.867 Thread 0x000002b7be00fa10 flushing  nmethod 0x000002b7c5c68990
Event: 2130.869 Thread 0x000002b7be00fa10 flushing  nmethod 0x000002b7c5c71610
Event: 2130.869 Thread 0x000002b7be00fa10 flushing  nmethod 0x000002b7c5c75790
Event: 2130.869 Thread 0x000002b7be00fa10 flushing  nmethod 0x000002b7c5c82810
Event: 2130.870 Thread 0x000002b7be00fa10 flushing  nmethod 0x000002b7c5cf7a90
Event: 2130.870 Thread 0x000002b7be00fa10 flushing  nmethod 0x000002b7c5d01e90
Event: 2130.870 Thread 0x000002b7be00fa10 flushing osr nmethod 0x000002b7c5d22c90
Event: 2130.872 Thread 0x000002b7be00fa10 flushing  nmethod 0x000002b7c5d37490
Event: 2130.872 Thread 0x000002b7be00fa10 flushing  nmethod 0x000002b7c5d4df90
Event: 2130.872 Thread 0x000002b7be00fa10 flushing  nmethod 0x000002b7c5d52e90
Event: 2130.872 Thread 0x000002b7be00fa10 flushing  nmethod 0x000002b7c5d53390

Events (20 events):
Event: 2311.942 Thread 0x000002b81e7496e0 Thread added: 0x000002b81f39b570
Event: 2311.944 Thread 0x000002b81f39b570 Thread exited: 0x000002b81f39b570
Event: 2311.945 Thread 0x000002b81f39cfb0 Thread exited: 0x000002b81f39cfb0
Event: 2438.167 Thread 0x000002b81e74ec30 Thread exited: 0x000002b81e74ec30
Event: 2438.550 Thread 0x000002b820ff5dc0 Thread exited: 0x000002b820ff5dc0
Event: 2479.268 Thread 0x000002b81fe05ec0 Thread added: 0x000002b81f39f710
Event: 2480.379 Thread 0x000002b7be0271a0 Thread added: 0x000002b822b31d00
Event: 2481.475 Thread 0x000002b822b31d00 Thread exited: 0x000002b822b31d00
Event: 2490.668 Thread 0x000002b7be0271a0 Thread added: 0x000002b822b2e680
Event: 2492.471 Thread 0x000002b822b2e680 Thread exited: 0x000002b822b2e680
Event: 2554.278 Thread 0x000002b81f39f710 Thread exited: 0x000002b81f39f710
Event: 2562.415 Thread 0x000002b820ff5730 Thread exited: 0x000002b820ff5730
Event: 2644.678 Thread 0x000002b82cc144a0 Thread added: 0x000002b81f39f710
Event: 2645.486 Thread 0x000002b81fe05ec0 Thread added: 0x000002b81f3a17e0
Event: 2961.441 Thread 0x000002b7be0271a0 Thread added: 0x000002b822b33170
Event: 2961.923 Thread 0x000002b822b33170 Thread exited: 0x000002b822b33170
Event: 3004.850 Thread 0x000002b7be0271a0 Thread added: 0x000002b822b33170
Event: 3006.578 Thread 0x000002b822b33170 Thread exited: 0x000002b822b33170
Event: 3118.028 Thread 0x000002b81f96ba20 Thread added: 0x000002b820ff9f60
Event: 3178.202 Thread 0x000002b820ff9f60 Thread exited: 0x000002b820ff9f60


Dynamic libraries:
0x00007ff620310000 - 0x00007ff62031e000 	c:\Users\dizah\.vscode\extensions\redhat.java-1.54.0-win32-x64\jre\21.0.10-win32-x86_64\bin\java.exe
0x00007ffc98640000 - 0x00007ffc988a7000 	C:\WINDOWS\SYSTEM32\ntdll.dll
0x00007ffc96f40000 - 0x00007ffc97009000 	C:\WINDOWS\System32\KERNEL32.DLL
0x00007ffc95e90000 - 0x00007ffc96284000 	C:\WINDOWS\System32\KERNELBASE.dll
0x00007ffc95d40000 - 0x00007ffc95e8b000 	C:\WINDOWS\System32\ucrtbase.dll
0x00007ffc6ba70000 - 0x00007ffc6ba88000 	c:\Users\dizah\.vscode\extensions\redhat.java-1.54.0-win32-x64\jre\21.0.10-win32-x86_64\bin\jli.dll
0x00007ffc972b0000 - 0x00007ffc97475000 	C:\WINDOWS\System32\USER32.dll
0x00007ffc95a70000 - 0x00007ffc95a97000 	C:\WINDOWS\System32\win32u.dll
0x00007ffc97280000 - 0x00007ffc972ab000 	C:\WINDOWS\System32\GDI32.dll
0x00007ffc6bb40000 - 0x00007ffc6bb5e000 	c:\Users\dizah\.vscode\extensions\redhat.java-1.54.0-win32-x64\jre\21.0.10-win32-x86_64\bin\VCRUNTIME140.dll
0x00007ffc95aa0000 - 0x00007ffc95bcb000 	C:\WINDOWS\System32\gdi32full.dll
0x00007ffc94f10000 - 0x00007ffc94fb3000 	C:\WINDOWS\System32\msvcp_win.dll
0x00007ffc83f80000 - 0x00007ffc84213000 	C:\WINDOWS\WinSxS\amd64_microsoft.windows.common-controls_6595b64144ccf1df_6.0.26100.8115_none_3e075c82e3354f9c\COMCTL32.dll
0x00007ffc963d0000 - 0x00007ffc96479000 	C:\WINDOWS\System32\msvcrt.dll
0x00007ffc97c30000 - 0x00007ffc97c62000 	C:\WINDOWS\System32\IMM32.DLL
0x00007ffc78080000 - 0x00007ffc7808c000 	c:\Users\dizah\.vscode\extensions\redhat.java-1.54.0-win32-x64\jre\21.0.10-win32-x86_64\bin\vcruntime140_1.dll
0x00007ffc211d0000 - 0x00007ffc2125d000 	c:\Users\dizah\.vscode\extensions\redhat.java-1.54.0-win32-x64\jre\21.0.10-win32-x86_64\bin\msvcp140.dll
0x00007ffb38970000 - 0x00007ffb39711000 	c:\Users\dizah\.vscode\extensions\redhat.java-1.54.0-win32-x64\jre\21.0.10-win32-x86_64\bin\server\jvm.dll
0x00007ffc98470000 - 0x00007ffc98526000 	C:\WINDOWS\System32\ADVAPI32.dll
0x00007ffc96480000 - 0x00007ffc96527000 	C:\WINDOWS\System32\sechost.dll
0x00007ffc97a70000 - 0x00007ffc97b88000 	C:\WINDOWS\System32\RPCRT4.dll
0x00007ffc97b90000 - 0x00007ffc97c10000 	C:\WINDOWS\System32\WS2_32.dll
0x00007ffc94d70000 - 0x00007ffc94dce000 	C:\WINDOWS\SYSTEM32\POWRPROF.dll
0x00007ffc92e20000 - 0x00007ffc92e56000 	C:\WINDOWS\SYSTEM32\WINMM.dll
0x00007ffc8d6e0000 - 0x00007ffc8d6eb000 	C:\WINDOWS\SYSTEM32\VERSION.dll
0x00007ffc94d50000 - 0x00007ffc94d64000 	C:\WINDOWS\SYSTEM32\UMPDC.dll
0x00007ffc93ca0000 - 0x00007ffc93cbb000 	C:\WINDOWS\SYSTEM32\kernel.appcore.dll
0x00007ffc6e730000 - 0x00007ffc6e73a000 	c:\Users\dizah\.vscode\extensions\redhat.java-1.54.0-win32-x64\jre\21.0.10-win32-x86_64\bin\jimage.dll
0x00007ffc92950000 - 0x00007ffc92b92000 	C:\WINDOWS\SYSTEM32\DBGHELP.DLL
0x00007ffc96530000 - 0x00007ffc968b2000 	C:\WINDOWS\System32\combase.dll
0x00007ffc97770000 - 0x00007ffc97848000 	C:\WINDOWS\System32\OLEAUT32.dll
0x00007ffc92de0000 - 0x00007ffc92e1b000 	C:\WINDOWS\SYSTEM32\dbgcore.DLL
0x00007ffc96290000 - 0x00007ffc96335000 	C:\WINDOWS\System32\bcryptPrimitives.dll
0x00007ffc6e670000 - 0x00007ffc6e67f000 	c:\Users\dizah\.vscode\extensions\redhat.java-1.54.0-win32-x64\jre\21.0.10-win32-x86_64\bin\instrument.dll
0x00007ffc6a9d0000 - 0x00007ffc6a9f0000 	c:\Users\dizah\.vscode\extensions\redhat.java-1.54.0-win32-x64\jre\21.0.10-win32-x86_64\bin\java.dll
0x00007ffc97c80000 - 0x00007ffc983e7000 	C:\WINDOWS\System32\SHELL32.dll
0x00007ffc95bd0000 - 0x00007ffc95d3a000 	C:\WINDOWS\System32\wintypes.dll
0x00007ffc94fc0000 - 0x00007ffc95828000 	C:\WINDOWS\System32\windows.storage.dll
0x00007ffc97970000 - 0x00007ffc97a68000 	C:\WINDOWS\System32\SHCORE.dll
0x00007ffc98530000 - 0x00007ffc98596000 	C:\WINDOWS\System32\shlwapi.dll
0x00007ffc94e30000 - 0x00007ffc94e59000 	C:\WINDOWS\SYSTEM32\profapi.dll
0x00007ffc6a820000 - 0x00007ffc6a838000 	c:\Users\dizah\.vscode\extensions\redhat.java-1.54.0-win32-x64\jre\21.0.10-win32-x86_64\bin\zip.dll
0x00007ffc82530000 - 0x00007ffc82540000 	C:\Users\dizah\.vscode\extensions\redhat.java-1.54.0-win32-x64\jre\21.0.10-win32-x86_64\bin\net.dll
0x00007ffc8ac30000 - 0x00007ffc8ad5d000 	C:\WINDOWS\SYSTEM32\WINHTTP.dll
0x00007ffc94210000 - 0x00007ffc9427c000 	C:\WINDOWS\system32\mswsock.dll
0x00007ffc69040000 - 0x00007ffc69056000 	C:\Users\dizah\.vscode\extensions\redhat.java-1.54.0-win32-x64\jre\21.0.10-win32-x86_64\bin\nio.dll
0x00007ffc6e5e0000 - 0x00007ffc6e5f0000 	c:\Users\dizah\.vscode\extensions\redhat.java-1.54.0-win32-x64\jre\21.0.10-win32-x86_64\bin\verify.dll
0x00007ffc58d90000 - 0x00007ffc58dd5000 	C:\Users\dizah\AppData\Roaming\Code\User\globalStorage\redhat.java\1.54.0\config_win\org.eclipse.equinox.launcher\org.eclipse.equinox.launcher.win32.win32.x86_64_1.3.0.v20260203-2149\eclipse_11919.dll
0x00007ffc970a0000 - 0x00007ffc97237000 	C:\WINDOWS\System32\ole32.dll
0x00007ffc944f0000 - 0x00007ffc9450b000 	C:\WINDOWS\SYSTEM32\CRYPTSP.dll
0x00007ffc93c00000 - 0x00007ffc93c39000 	C:\WINDOWS\system32\rsaenh.dll
0x00007ffc942c0000 - 0x00007ffc942f3000 	C:\WINDOWS\SYSTEM32\USERENV.dll
0x00007ffc94e00000 - 0x00007ffc94e2a000 	C:\WINDOWS\SYSTEM32\bcrypt.dll
0x00007ffc94510000 - 0x00007ffc9451c000 	C:\WINDOWS\SYSTEM32\CRYPTBASE.dll
0x00007ffc937d0000 - 0x00007ffc93802000 	C:\WINDOWS\SYSTEM32\IPHLPAPI.DLL
0x00007ffc97c70000 - 0x00007ffc97c7a000 	C:\WINDOWS\System32\NSI.dll
0x00007ffc52360000 - 0x00007ffc523a9000 	C:\Users\dizah\AppData\Local\Temp\jna-95600508\jna16199796994756127502.dll
0x00007ffc97270000 - 0x00007ffc97278000 	C:\WINDOWS\System32\PSAPI.DLL
0x00007ffc87f00000 - 0x00007ffc87f1b000 	\\?\C:\WINDOWS\system32\MpeHttpExt.dll
0x00007ffc8d6c0000 - 0x00007ffc8d6dd000 	C:\WINDOWS\SYSTEM32\dhcpcsvc6.DLL
0x00007ffc8d690000 - 0x00007ffc8d6b5000 	C:\WINDOWS\SYSTEM32\dhcpcsvc.DLL
0x00007ffc6de50000 - 0x00007ffc6de59000 	C:\Users\dizah\.vscode\extensions\redhat.java-1.54.0-win32-x64\jre\21.0.10-win32-x86_64\bin\extnet.dll

JVMTI agents:
c:\Users\dizah\.vscode\extensions\redhat.java-1.54.0-win32-x64\lombok\lombok-1.18.39-4050.jar path:c:\Users\dizah\.vscode\extensions\redhat.java-1.54.0-win32-x64\jre\21.0.10-win32-x86_64\bin\instrument.dll, loaded, initialized, instrumentlib options:none

dbghelp: loaded successfully - version: 4.0.5 - missing functions: none
symbol engine: initialized successfully - sym options: 0x614 - pdb path: .;c:\Users\dizah\.vscode\extensions\redhat.java-1.54.0-win32-x64\jre\21.0.10-win32-x86_64\bin;C:\WINDOWS\SYSTEM32;C:\WINDOWS\WinSxS\amd64_microsoft.windows.common-controls_6595b64144ccf1df_6.0.26100.8115_none_3e075c82e3354f9c;c:\Users\dizah\.vscode\extensions\redhat.java-1.54.0-win32-x64\jre\21.0.10-win32-x86_64\bin\server;C:\Users\dizah\AppData\Roaming\Code\User\globalStorage\redhat.java\1.54.0\config_win\org.eclipse.equinox.launcher\org.eclipse.equinox.launcher.win32.win32.x86_64_1.3.0.v20260203-2149;C:\Users\dizah\AppData\Local\Temp\jna-95600508;\\?\C:\WINDOWS\system32

VM Arguments:
jvm_args: --add-modules=ALL-SYSTEM --add-opens=java.base/java.util=ALL-UNNAMED --add-opens=java.base/java.lang=ALL-UNNAMED --add-opens=java.base/sun.nio.fs=ALL-UNNAMED -Declipse.application=org.eclipse.jdt.ls.core.id1 -Dosgi.bundles.defaultStartLevel=4 -Declipse.product=org.eclipse.jdt.ls.core.product -Djava.import.generatesMetadataFilesAtProjectRoot=false -DDetectVMInstallationsJob.disabled=true -Dfile.encoding=utf8 -XX:+UseParallelGC -XX:GCTimeRatio=4 -XX:AdaptiveSizePolicyWeight=90 -Dsun.zip.disableMemoryMapping=true -Xmx2G -Xms100m -Xlog:disable -javaagent:c:\Users\dizah\.vscode\extensions\redhat.java-1.54.0-win32-x64\lombok\lombok-1.18.39-4050.jar -XX:+HeapDumpOnOutOfMemoryError -XX:HeapDumpPath=c:\Users\dizah\AppData\Roaming\Code\User\workspaceStorage\e8d926c4b8782c3d3e008237e65238ed\redhat.java -Daether.dependencyCollector.impl=bf 
java_command: c:\Users\dizah\.vscode\extensions\redhat.java-1.54.0-win32-x64\server\plugins\org.eclipse.equinox.launcher_1.7.100.v20251111-0406.jar -configuration c:\Users\dizah\AppData\Roaming\Code\User\globalStorage\redhat.java\1.54.0\config_win -data c:\Users\dizah\AppData\Roaming\Code\User\workspaceStorage\e8d926c4b8782c3d3e008237e65238ed\redhat.java\jdt_ws --pipe=\\.\pipe\lsp-1f87e45868aa36f8bd5f0622b21a1604-sock
java_class_path (initial): c:\Users\dizah\.vscode\extensions\redhat.java-1.54.0-win32-x64\server\plugins\org.eclipse.equinox.launcher_1.7.100.v20251111-0406.jar
Launcher Type: SUN_STANDARD

[Global flags]
    uintx AdaptiveSizePolicyWeight                 = 90                                        {product} {command line}
     intx CICompilerCount                          = 4                                         {product} {ergonomic}
    uintx GCTimeRatio                              = 4                                         {product} {command line}
     bool HeapDumpOnOutOfMemoryError               = true                                   {manageable} {command line}
    ccstr HeapDumpPath                             = c:\Users\dizah\AppData\Roaming\Code\User\workspaceStorage\e8d926c4b8782c3d3e008237e65238ed\redhat.java         {manageable} {command line}
   size_t InitialHeapSize                          = 104857600                                 {product} {command line}
   size_t MaxHeapSize                              = 2147483648                                {product} {command line}
   size_t MaxNewSize                               = 715653120                                 {product} {ergonomic}
   size_t MinHeapDeltaBytes                        = 524288                                    {product} {ergonomic}
   size_t MinHeapSize                              = 104857600                                 {product} {command line}
   size_t NewSize                                  = 34603008                                  {product} {ergonomic}
    uintx NonNMethodCodeHeapSize                   = 5839372                                {pd product} {ergonomic}
    uintx NonProfiledCodeHeapSize                  = 122909434                              {pd product} {ergonomic}
   size_t OldSize                                  = 70254592                                  {product} {ergonomic}
    uintx ProfiledCodeHeapSize                     = 122909434                              {pd product} {ergonomic}
    uintx ReservedCodeCacheSize                    = 251658240                              {pd product} {ergonomic}
     bool SegmentedCodeCache                       = true                                      {product} {ergonomic}
   size_t SoftMaxHeapSize                          = 2147483648                             {manageable} {ergonomic}
     bool UseCompressedOops                        = true                           {product lp64_product} {ergonomic}
     bool UseLargePagesIndividualAllocation        = false                                  {pd product} {ergonomic}
     bool UseParallelGC                            = true                                      {product} {command line}

Logging:
Log output configuration:
 #0: stdout all=off uptime,level,tags foldmultilines=false
 #1: stderr all=off uptime,level,tags foldmultilines=false

Release file:
JAVA_VERSION="21.0.10" 
MODULES="java.base java.compiler java.datatransfer java.xml java.prefs java.desktop java.instrument java.logging java.management java.security.sasl java.naming java.rmi java.management.rmi java.net.http java.scripting java.security.jgss java.transaction.xa java.sql java.sql.rowset java.xml.crypto java.se java.smartcardio jdk.accessibility jdk.internal.jvmstat jdk.attach jdk.charsets jdk.internal.opt jdk.zipfs jdk.compiler jdk.crypto.ec jdk.crypto.cryptoki jdk.crypto.mscapi jdk.dynalink jdk.internal.ed jdk.editpad jdk.hotspot.agent jdk.httpserver jdk.internal.le jdk.internal.vm.ci jdk.internal.vm.compiler jdk.internal.vm.compiler.management jdk.jartool jdk.javadoc jdk.jcmd jdk.management jdk.management.agent jdk.jconsole jdk.jdeps jdk.jdwp.agent jdk.jdi jdk.jfr jdk.jshell jdk.jsobject jdk.jstatd jdk.localedata jdk.management.jfr jdk.naming.dns jdk.naming.rmi jdk.net jdk.nio.mapmode jdk.random jdk.sctp jdk.security.auth jdk.security.jgss jdk.unsupported jdk.unsupported.desktop jdk.xml.dom" 

Environment Variables:
PATH=C:\Program Files\Common Files\Oracle\Java\javapath;C:\Win32App\INGR\SPLM\bin;C:\WINDOWS\system32;C:\WINDOWS;C:\WINDOWS\System32\Wbem;C:\WINDOWS\System32\WindowsPowerShell\v1.0\;C:\WINDOWS\System32\OpenSSH\;C:\Program Files\Microsoft SQL Server\150\Tools\Binn\;C:\Program Files\dotnet\;C:\Program Files\nodejs\;C:\ProgramData\chocolatey\bin;C:\Program Files\nodejs;C:\dizah\AppData\Roaming\npm;C:\Users\dizah\AppData\Local\Programs\Python\Python312;C:\Users\dizah\Downloads\jdk-23_windows-x64_bin.exe;C:\Users\dizah\Downloads\openjdk-24+36_windows-x64_bin.zip\jdk-24\bin;%JAVA_HOME%\bin;C:\Program Files\Git\cmd;C:\Users\dizah\AppData\Local\Programs\Python\Launcher\;C:\Users\dizah\AppData\Local\Microsoft\WindowsApps;C:\Users\dizah\AppData\Roaming\npm;C:\Users\dizah\AppData\Local\Programs\Microsoft VS Code\bin;C:\Users\dizah\AppData\Local\GitHubDesktop\bin;C:\Users\dizah\AppData\Local\PowerToys\DSCModules\
USERNAME=dizah
OS=Windows_NT
PROCESSOR_IDENTIFIER=AMD64 Family 25 Model 80 Stepping 0, AuthenticAMD
TMP=C:\Users\dizah\AppData\Local\Temp
TEMP=C:\Users\dizah\AppData\Local\Temp




Periodic native trim disabled

---------------  S Y S T E M  ---------------

OS:
 Windows 11 , 64 bit Build 26100 (10.0.26100.8246)
OS uptime: 1 days 7:35 hours
Hyper-V role detected

CPU: total 12 (initial active 12) (12 cores per cpu, 2 threads per core) family 25 model 80 stepping 0 microcode 0xa50000d, cx8, cmov, fxsr, ht, mmx, 3dnowpref, sse, sse2, sse3, ssse3, sse4a, sse4.1, sse4.2, popcnt, lzcnt, tsc, tscinvbit, avx, avx2, aes, erms, clmul, bmi1, bmi2, adx, sha, fma, vzeroupper, clflush, clflushopt, hv, rdtscp, rdpid, fsrm, f16c, cet_ss
Processor Information for processor 0
  Max Mhz: 2000, Current Mhz: 1808, Mhz Limit: 2000
Processor Information for processor 1
  Max Mhz: 2000, Current Mhz: 1890, Mhz Limit: 2000
Processor Information for processor 2
  Max Mhz: 2000, Current Mhz: 1890, Mhz Limit: 2000
Processor Information for processor 3
  Max Mhz: 2000, Current Mhz: 1890, Mhz Limit: 2000
Processor Information for processor 4
  Max Mhz: 2000, Current Mhz: 1890, Mhz Limit: 2000
Processor Information for processor 5
  Max Mhz: 2000, Current Mhz: 1890, Mhz Limit: 2000
Processor Information for processor 6
  Max Mhz: 2000, Current Mhz: 1808, Mhz Limit: 2000
Processor Information for processor 7
  Max Mhz: 2000, Current Mhz: 1890, Mhz Limit: 2000
Processor Information for processor 8
  Max Mhz: 2000, Current Mhz: 1808, Mhz Limit: 2000
Processor Information for processor 9
  Max Mhz: 2000, Current Mhz: 1808, Mhz Limit: 2000
Processor Information for processor 10
  Max Mhz: 2000, Current Mhz: 1890, Mhz Limit: 2000
Processor Information for processor 11
  Max Mhz: 2000, Current Mhz: 1890, Mhz Limit: 2000

Memory: 4k page, system-wide physical 5996M (442M free)
TotalPageFile size 24428M (AvailPageFile size 0M)
current process WorkingSet (physical memory assigned to process): 291M, peak: 425M
current process commit charge ("private bytes"): 1735M, peak: 1736M

vm_info: OpenJDK 64-Bit Server VM (21.0.10+7-LTS) for windows-amd64 JRE (21.0.10+7-LTS), built on 2026-01-20T00:00:00Z by "admin" with MS VC++ 17.12 (VS2022)

END.
